<?xml version="1.0" encoding="UTF-8"?>
<!-- Generated by org.testng.reporters.JUnitReportReporter -->
<testsuite hostname="DESKTOP-MSV7ROS" failures="0" tests="1" name="selenium.MainTest" time="6.033" errors="0" timestamp="4 Nov 2022 23:37:04 GMT">
  <testcase classname="selenium.MainTest" name="main" time="6.033"/>
</testsuite> <!-- selenium.MainTest -->
